[debug] [2021-02-28T05:31:21.213Z] ----------------------------------------------------------------------
[debug] [2021-02-28T05:31:21.217Z] Command:       C:\Program Files\nodejs\node.exe C:\Users\bhimt\AppData\Roaming\npm\node_modules\firebase-tools\lib\bin\firebase.js init
[debug] [2021-02-28T05:31:21.217Z] CLI Version:   9.5.0
[debug] [2021-02-28T05:31:21.218Z] Platform:      win32
[debug] [2021-02-28T05:31:21.218Z] Node Version:  v14.15.5
[debug] [2021-02-28T05:31:21.219Z] Time:          Sun Feb 28 2021 11:01:21 GMT+0530 (India Standard Time)
[debug] [2021-02-28T05:31:21.219Z] ----------------------------------------------------------------------
[debug] [2021-02-28T05:31:21.220Z] 
[debug] [2021-02-28T05:31:21.223Z] >>> [apiv2][query] GET https://firebase-public.firebaseio.com/cli.json [none]
[debug] [2021-02-28T05:31:21.258Z] > command requires scopes: ["email","openid","https://www.googleapis.com/auth/cloudplatformprojects.readonly","https://www.googleapis.com/auth/firebase","https://www.googleapis.com/auth/cloud-platform"]
[debug] [2021-02-28T05:31:21.259Z] > authorizing via signed-in user
[info] 
     ######## #### ########  ######## ########     ###     ######  ########
     ##        ##  ##     ## ##       ##     ##  ##   ##  ##       ##
     ######    ##  ########  ######   ########  #########  ######  ######
     ##        ##  ##    ##  ##       ##     ## ##     ##       ## ##
     ##       #### ##     ## ######## ########  ##     ##  ######  ########

You're about to initialize a Firebase project in this directory:

  D:\Project\react-projects\todo-app-with-react-and-firebase

[debug] [2021-02-28T05:31:22.135Z] <<< [apiv2][status] GET https://firebase-public.firebaseio.com/cli.json 200
[debug] [2021-02-28T05:31:22.136Z] <<< [apiv2][body] GET https://firebase-public.firebaseio.com/cli.json {"cloudBuildErrorAfter":1594252800000,"cloudBuildWarnAfter":1590019200000,"defaultNode10After":1594252800000,"minVersion":"3.0.5","node8DeploysDisabledAfter":1613390400000,"node8RuntimeDisabledAfter":1615809600000,"node8WarnAfter":1600128000000}
